C:\USERS\PWNER II\DESKTOP\!SCHOOL!\!CSCE 3600.002 - PRINCIPLES OF SYSTEMS PROGRAMMING!\PROGRAMS\PROGRAM 5\NSH5_03\NSH5_03\DEBUG\LIST_OPERATIONS.OBJ
C:\USERS\PWNER II\DESKTOP\!SCHOOL!\!CSCE 3600.002 - PRINCIPLES OF SYSTEMS PROGRAMMING!\PROGRAMS\PROGRAM 5\NSH5_03\NSH5_03\DEBUG\NSH5_03.OBJ
C:\USERS\PWNER II\DESKTOP\!SCHOOL!\!CSCE 3600.002 - PRINCIPLES OF SYSTEMS PROGRAMMING!\PROGRAMS\PROGRAM 5\NSH5_03\NSH5_03\DEBUG\PRINT.OBJ
C:\USERS\PWNER II\DESKTOP\!SCHOOL!\!CSCE 3600.002 - PRINCIPLES OF SYSTEMS PROGRAMMING!\PROGRAMS\PROGRAM 5\NSH5_03\NSH5_03\DEBUG\READ_FILE.OBJ
C:\USERS\PWNER II\DESKTOP\!SCHOOL!\!CSCE 3600.002 - PRINCIPLES OF SYSTEMS PROGRAMMING!\PROGRAMS\PROGRAM 5\NSH5_03\NSH5_03\DEBUG\SET_ALIAS.OBJ
C:\USERS\PWNER II\DESKTOP\!SCHOOL!\!CSCE 3600.002 - PRINCIPLES OF SYSTEMS PROGRAMMING!\PROGRAMS\PROGRAM 5\NSH5_03\NSH5_03\DEBUG\STRINGIES.OBJ
C:\USERS\PWNER II\DESKTOP\!SCHOOL!\!CSCE 3600.002 - PRINCIPLES OF SYSTEMS PROGRAMMING!\PROGRAMS\PROGRAM 5\NSH5_03\NSH5_03\DEBUG\TES_SAILA.OBJ
C:\USERS\PWNER II\DESKTOP\!SCHOOL!\!CSCE 3600.002 - PRINCIPLES OF SYSTEMS PROGRAMMING!\PROGRAMS\PROGRAM 5\NSH5_03\NSH5_03\DEBUG\VC110.PDB
C:\USERS\PWNER II\DESKTOP\!SCHOOL!\!CSCE 3600.002 - PRINCIPLES OF SYSTEMS PROGRAMMING!\PROGRAMS\PROGRAM 5\NSH5_03\DEBUG\NSH5_03.ILK
C:\USERS\PWNER II\DESKTOP\!SCHOOL!\!CSCE 3600.002 - PRINCIPLES OF SYSTEMS PROGRAMMING!\PROGRAMS\PROGRAM 5\NSH5_03\DEBUG\NSH5_03.EXE
C:\USERS\PWNER II\DESKTOP\!SCHOOL!\!CSCE 3600.002 - PRINCIPLES OF SYSTEMS PROGRAMMING!\PROGRAMS\PROGRAM 5\NSH5_03\DEBUG\NSH5_03.PDB
C:\Users\Pwner II\Desktop\!School!\!CSCE 3600.002 - Principles of Systems Programming!\Programs\Program 5\nsh5_03\nsh5_03\Debug\list_operations.obj
C:\Users\Pwner II\Desktop\!School!\!CSCE 3600.002 - Principles of Systems Programming!\Programs\Program 5\nsh5_03\nsh5_03\Debug\nsh5_03.obj
C:\Users\Pwner II\Desktop\!School!\!CSCE 3600.002 - Principles of Systems Programming!\Programs\Program 5\nsh5_03\nsh5_03\Debug\print.obj
C:\Users\Pwner II\Desktop\!School!\!CSCE 3600.002 - Principles of Systems Programming!\Programs\Program 5\nsh5_03\nsh5_03\Debug\read_file.obj
C:\Users\Pwner II\Desktop\!School!\!CSCE 3600.002 - Principles of Systems Programming!\Programs\Program 5\nsh5_03\nsh5_03\Debug\set_alias.obj
C:\Users\Pwner II\Desktop\!School!\!CSCE 3600.002 - Principles of Systems Programming!\Programs\Program 5\nsh5_03\nsh5_03\Debug\stringies.obj
C:\Users\Pwner II\Desktop\!School!\!CSCE 3600.002 - Principles of Systems Programming!\Programs\Program 5\nsh5_03\nsh5_03\Debug\tes_saila.obj
C:\Users\Pwner II\Desktop\!School!\!CSCE 3600.002 - Principles of Systems Programming!\Programs\Program 5\nsh5_03\nsh5_03\Debug\cl.command.1.tlog
C:\Users\Pwner II\Desktop\!School!\!CSCE 3600.002 - Principles of Systems Programming!\Programs\Program 5\nsh5_03\nsh5_03\Debug\CL.read.1.tlog
C:\Users\Pwner II\Desktop\!School!\!CSCE 3600.002 - Principles of Systems Programming!\Programs\Program 5\nsh5_03\nsh5_03\Debug\CL.write.1.tlog
C:\Users\Pwner II\Desktop\!School!\!CSCE 3600.002 - Principles of Systems Programming!\Programs\Program 5\nsh5_03\nsh5_03\Debug\link-cvtres.read.1.tlog
C:\Users\Pwner II\Desktop\!School!\!CSCE 3600.002 - Principles of Systems Programming!\Programs\Program 5\nsh5_03\nsh5_03\Debug\link-cvtres.write.1.tlog
C:\Users\Pwner II\Desktop\!School!\!CSCE 3600.002 - Principles of Systems Programming!\Programs\Program 5\nsh5_03\nsh5_03\Debug\link-rc.read.1.tlog
C:\Users\Pwner II\Desktop\!School!\!CSCE 3600.002 - Principles of Systems Programming!\Programs\Program 5\nsh5_03\nsh5_03\Debug\link-rc.write.1.tlog
C:\Users\Pwner II\Desktop\!School!\!CSCE 3600.002 - Principles of Systems Programming!\Programs\Program 5\nsh5_03\nsh5_03\Debug\link.command.1.tlog
C:\Users\Pwner II\Desktop\!School!\!CSCE 3600.002 - Principles of Systems Programming!\Programs\Program 5\nsh5_03\nsh5_03\Debug\link.read.1.tlog
C:\Users\Pwner II\Desktop\!School!\!CSCE 3600.002 - Principles of Systems Programming!\Programs\Program 5\nsh5_03\nsh5_03\Debug\link.write.1.tlog
C:\Users\Pwner II\Desktop\!School!\!CSCE 3600.002 - Principles of Systems Programming!\Programs\Program 5\nsh5_03\nsh5_03\Debug\vc110.idb
C:\Users\Pwner II\Desktop\!School!\!CSCE 3600.002 - Principles of Systems Programming!\Programs\Program 5\nsh5_03\nsh5_03\Debug\vc110.pdb
C:\Users\Pwner II\Desktop\!School!\!CSCE 3600.002 - Principles of Systems Programming!\Programs\Program 5\nsh5_03\Debug\nsh5_03.pdb
C:\Users\Pwner II\Desktop\!School!\!CSCE 3600.002 - Principles of Systems Programming!\Programs\Program 5\nsh5_03\Debug\nsh5_03.exe
C:\Users\Pwner II\Desktop\!School!\!CSCE 3600.002 - Principles of Systems Programming!\Programs\Program 5\nsh5_03\Debug\nsh5_03.ilk
